# JRE version: Java(TM) SE Runtime Environment (22.0+36) (build 22+36-2370)
# Java VM: Java HotSpot(TM) 64-Bit Server VM (22+36-2370, mixed mode, emulated-client, sharing, tiered, compressed oops, compressed class ptrs, g1 gc, windows-amd64)
GC Precious Log:
 CardTable entry size: 512
 Card Set container configuration: InlinePtr #cards 4 size 8 Array Of Cards #cards 32 size 80 Howl #buckets 8 coarsen threshold 7372 Howl Bitmap #cards 1024 size 144 coarsen threshold 921 Card regions per heap region 1 cards per card region 8192
 CPUs: 16 total, 16 available
 Memory: 32718M
 Large Page Support: Disabled
 NUMA Support: Disabled
 Compressed Oops: Enabled (Zero based)
 Heap Region Size: 4M
 Heap Min Capacity: 8M
 Heap Initial Capacity: 512M
 Heap Max Capacity: 8180M
 Pre-touch: Disabled
 Parallel Workers: 13
 Concurrent Workers: 3
 Concurrent Refinement Workers: 13
 Periodic GC: Disabled
Heap:
 garbage-first heap   total reserved 8376320K, committed 110592K, used 92191K [0x0000000600c00000, 0x0000000800000000)
  region size 4096K, 14 young (57344K), 1 survivors (4096K)
 Metaspace       used 89843K, committed 90752K, reserved 1179648K
  class space    used 12579K, committed 12992K, reserved 1048576K
GC Heap History (20 events):
Event: 6143.446 GC heap after
{Heap after GC invocations=651 (full 12):
 garbage-first heap   total reserved 8376320K, committed 110592K, used 47736K [0x0000000600c00000, 0x0000000800000000)
  region size 4096K, 1 young (4096K), 1 survivors (4096K)
 Metaspace       used 88983K, committed 89984K, reserved 1179648K
  class space    used 12477K, committed 12928K, reserved 1048576K
}
Event: 6156.702 GC heap before
{Heap before GC invocations=651 (full 12):
 garbage-first heap   total reserved 8376320K, committed 110592K, used 96888K [0x0000000600c00000, 0x0000000800000000)
  region size 4096K, 13 young (53248K), 1 survivors (4096K)
 Metaspace       used 88983K, committed 89984K, reserved 1179648K
  class space    used 12477K, committed 12928K, reserved 1048576K
}
Event: 6156.704 GC heap after
{Heap after GC invocations=652 (full 12):
 garbage-first heap   total reserved 8376320K, committed 110592K, used 44382K [0x0000000600c00000, 0x0000000800000000)
  region size 4096K, 1 young (4096K), 1 survivors (4096K)
 Metaspace       used 88983K, committed 89984K, reserved 1179648K
  class space    used 12477K, committed 12928K, reserved 1048576K
}
Event: 6169.220 GC heap before
{Heap before GC invocations=652 (full 12):
 garbage-first heap   total reserved 8376320K, committed 110592K, used 93534K [0x0000000600c00000, 0x0000000800000000)
  region size 4096K, 13 young (53248K), 1 survivors (4096K)
 Metaspace       used 88983K, committed 89984K, reserved 1179648K
  class space    used 12477K, committed 12928K, reserved 1048576K
}
Event: 6169.222 GC heap after
{Heap after GC invocations=653 (full 12):
 garbage-first heap   total reserved 8376320K, committed 110592K, used 44542K [0x0000000600c00000, 0x0000000800000000)
  region size 4096K, 1 young (4096K), 1 survivors (4096K)
 Metaspace       used 88983K, committed 89984K, reserved 1179648K
  class space    used 12477K, committed 12928K, reserved 1048576K
}
Event: 6181.771 GC heap before
{Heap before GC invocations=654 (full 12):
 garbage-first heap   total reserved 8376320K, committed 110592K, used 93694K [0x0000000600c00000, 0x0000000800000000)
  region size 4096K, 13 young (53248K), 1 survivors (4096K)
 Metaspace       used 88968K, committed 89984K, reserved 1179648K
  class space    used 12473K, committed 12928K, reserved 1048576K
}
Event: 6181.773 GC heap after
{Heap after GC invocations=655 (full 12):
 garbage-first heap   total reserved 8376320K, committed 110592K, used 44945K [0x0000000600c00000, 0x0000000800000000)
  region size 4096K, 1 young (4096K), 1 survivors (4096K)
 Metaspace       used 88968K, committed 89984K, reserved 1179648K
  class space    used 12473K, committed 12928K, reserved 1048576K
}
Event: 6194.725 GC heap before
{Heap before GC invocations=655 (full 12):
 garbage-first heap   total reserved 8376320K, committed 110592K, used 94097K [0x0000000600c00000, 0x0000000800000000)
  region size 4096K, 13 young (53248K), 1 survivors (4096K)
 Metaspace       used 88968K, committed 89984K, reserved 1179648K
  class space    used 12473K, committed 12928K, reserved 1048576K
}
Event: 6194.727 GC heap after
{Heap after GC invocations=656 (full 12):
 garbage-first heap   total reserved 8376320K, committed 110592K, used 43515K [0x0000000600c00000, 0x0000000800000000)
  region size 4096K, 1 young (4096K), 1 survivors (4096K)
 Metaspace       used 88968K, committed 89984K, reserved 1179648K
  class space    used 12473K, committed 12928K, reserved 1048576K
}
Event: 6206.753 GC heap before
{Heap before GC invocations=656 (full 12):
 garbage-first heap   total reserved 8376320K, committed 110592K, used 92667K [0x0000000600c00000, 0x0000000800000000)
  region size 4096K, 14 young (57344K), 1 survivors (4096K)
 Metaspace       used 88976K, committed 89984K, reserved 1179648K
  class space    used 12475K, committed 12928K, reserved 1048576K
}
Event: 6206.805 GC heap after
{Heap after GC invocations=657 (full 13):
 garbage-first heap   total reserved 8376320K, committed 110592K, used 28800K [0x0000000600c00000, 0x0000000800000000)
  region size 4096K, 0 young (0K), 0 survivors (0K)
 Metaspace       used 88963K, committed 89984K, reserved 1179648K
  class space    used 12472K, committed 12928K, reserved 1048576K
}
Event: 6207.320 GC heap before
{Heap before GC invocations=657 (full 13):
 garbage-first heap   total reserved 8376320K, committed 110592K, used 86144K [0x0000000600c00000, 0x0000000800000000)
  region size 4096K, 15 young (61440K), 0 survivors (0K)
 Metaspace       used 89409K, committed 90240K, reserved 1179648K
  class space    used 12546K, committed 12928K, reserved 1048576K
}
Event: 6207.322 GC heap after
{Heap after GC invocations=658 (full 13):
 garbage-first heap   total reserved 8376320K, committed 110592K, used 35175K [0x0000000600c00000, 0x0000000800000000)
  region size 4096K, 2 young (8192K), 2 survivors (8192K)
 Metaspace       used 89409K, committed 90240K, reserved 1179648K
  class space    used 12546K, committed 12928K, reserved 1048576K
}
Event: 6207.578 GC heap before
{Heap before GC invocations=659 (full 13):
 garbage-first heap   total reserved 8376320K, committed 110592K, used 59751K [0x0000000600c00000, 0x0000000800000000)
  region size 4096K, 9 young (36864K), 2 survivors (8192K)
 Metaspace       used 89527K, committed 90368K, reserved 1179648K
  class space    used 12561K, committed 12928K, reserved 1048576K
}
Event: 6207.580 GC heap after
{Heap after GC invocations=660 (full 13):
 garbage-first heap   total reserved 8376320K, committed 110592K, used 37093K [0x0000000600c00000, 0x0000000800000000)
  region size 4096K, 1 young (4096K), 1 survivors (4096K)
 Metaspace       used 89527K, committed 90368K, reserved 1179648K
  class space    used 12561K, committed 12928K, reserved 1048576K
}
Event: 6214.000 GC heap before
{Heap before GC invocations=661 (full 13):
 garbage-first heap   total reserved 8376320K, committed 110592K, used 90341K [0x0000000600c00000, 0x0000000800000000)
  region size 4096K, 14 young (57344K), 1 survivors (4096K)
 Metaspace       used 89843K, committed 90752K, reserved 1179648K
  class space    used 12579K, committed 12992K, reserved 1048576K
}
Event: 6214.002 GC heap after
{Heap after GC invocations=662 (full 13):
 garbage-first heap   total reserved 8376320K, committed 110592K, used 39108K [0x0000000600c00000, 0x0000000800000000)
  region size 4096K, 2 young (8192K), 2 survivors (8192K)
 Metaspace       used 89843K, committed 90752K, reserved 1179648K
  class space    used 12579K, committed 12992K, reserved 1048576K
}
Event: 6236.960 GC heap before
{Heap before GC invocations=662 (full 13):
 garbage-first heap   total reserved 8376320K, committed 110592K, used 84164K [0x0000000600c00000, 0x0000000800000000)
  region size 4096K, 13 young (53248K), 2 survivors (8192K)
 Metaspace       used 89843K, committed 90752K, reserved 1179648K
  class space    used 12579K, committed 12992K, reserved 1048576K
}
Event: 6236.962 GC heap after
{Heap after GC invocations=663 (full 13):
 garbage-first heap   total reserved 8376320K, committed 110592K, used 38943K [0x0000000600c00000, 0x0000000800000000)
  region size 4096K, 1 young (4096K), 1 survivors (4096K)
 Metaspace       used 89843K, committed 90752K, reserved 1179648K
  class space    used 12579K, committed 12992K, reserved 1048576K
}
Event: 6262.706 GC heap before
{Heap before GC invocations=663 (full 13):
 garbage-first heap   total reserved 8376320K, committed 110592K, used 92191K [0x0000000600c00000, 0x0000000800000000)
  region size 4096K, 14 young (57344K), 1 survivors (4096K)
 Metaspace       used 89843K, committed 90752K, reserved 1179648K
  class space    used 12579K, committed 12992K, reserved 1048576K
}

